<?xml version="1.0" encoding="UTF-8"?>
<message xmlns:xsi="http://www.w3.org/2001/XMLSchema-instance"
   xsi:schemaLocation="http://podaac.jpl.nasa.gov podaac_message.xsd"
   xmlns="http://podaac.jpl.nasa.gov">
   <product>
      <submission>
         <header>
            <project>INVENTORY</project>
            <batch>2008</batch>
            <contributor>
               <email>Cynthia.Wong@jpl.nasa.gov</email>
               <messageLevel>VERBOSE</messageLevel>
            </contributor>
            <requested>1204646600422</requested>
            <time>
               <start>1204646601458</start>
               <stop>1204646604058</stop>
            </time>
            <submissionId>2008_03_04_0001</submissionId>
            <status>STAGED</status>
            <comment>File created as Inventory Test Data</comment>
         </header>
         <content>
            <complete>
               <granule>
                  <id>2008</id>
                  <name>INVENTORY-TEST-GRANULE-34-NO-HISTORY</name>
		  <replace>INVENTORY-TEST-GRANULE-34-NO-HISTORY</replace>
                  <datasetName>ASCAT-L2-25km</datasetName><productType>NAVO-L2P-AVHRR19_L</productType><version>1.0</version>
                  <files>
                     <file>
                        <name>INVENTORY-TEST-FILE-DATA</name>
                        <sources>
                           <source>
                              <link>${source.dir}/file230m</link>
                              <size>99999</size>
                              <checksum>
                                 <type>MD5</type>
                                 <value>b91c29b0da3dbe687bf08cf26c14fdbf</value>
                              </checksum>                              
                           </source>
                        </sources>
                        <type>DATA</type>
                        <ingest>
                           <source>
                              <link>${source.dir}/file230m</link>
                              <size>9999999999</size>
                              <checksum>
                                 <type>MD5</type>
                                 <value>b91c29b0da3dbe687bf08cf26c14fdbf</value>
                              </checksum>
                            </source>
                           <localStaging>
                              ${local.staging}/testDataFile
                           </localStaging>
                           <remoteStaging>
                              ${remote.staging}/testDataFile
                           </remoteStaging>
                           <size>241172480</size>
                           <checksum>
                              <type>MD5</type>
                              <value>b91c29b0da3dbe687bf08cf26c14fdbf</value>
                           </checksum>
                           <time>
                              <start>1204646601465</start>
                              <stop>1204646602869</stop>
                           </time>
                        </ingest>
                     </file>
                     <file>
                        <name>INVENTORY-TEST-FILE-METADATA</name>
                        <sources>
                           <source>
                              <link>${source.dir}/file2k</link>
                              <size>2000</size>
                               <checksum>
                                 <type>MD5</type>
                                 <value>cf40a1de3f93b4a025409b5efa5aa210</value>
                              </checksum>
                            </source>
                        </sources>
                        <type>METADATA</type>
                        <ingest>
                           <source>
                              <link>${source.dir}/file2k</link>
                              <size>2000</size>
                              <checksum>
                                 <type>MD5</type>
                                 <value>cf40a1de3f93b4a025409b5efa5aa210</value>
                              </checksum>
                           </source>
                           <localStaging>
                              ${local.staging}/testMetadataFile
                           </localStaging>
                           <remoteStaging>
                              ${remote.staging}/testMetadataFile
                           </remoteStaging>
                           <size>2000</size>
                           <checksum>
                              <type>MD5</type>
                              <value>cf40a1de3f93b4a025409b5efa5aa210</value>
                           </checksum>
                           <time>
                              <start>1204646601465</start>
                              <stop>1204646602869</stop>
                           </time>
                        </ingest>
                     </file>
                     <file>
                        <name>INVENTORY-TEST-FILE-CHECKSUM</name>
                        <sources>
                           <source>
                              <link>${source.dir}/file230m.md5</link>
                              <size>33</size>
                           </source>
                        </sources>
                        <type>CHECKSUM</type>
                        <ingest>
                           <source>
                              <link>${source.dir}/file230m.md5</link>
                              <size>33</size>
                           </source>
                           <localStaging>
                              ${local.staging}/testDataFile.md5
                           </localStaging>
                           <remoteStaging>
                              ${remote.staging}/testDataFile.md5
                           </remoteStaging>
                           <size>33</size>
                           <checksum>
                              <type>MD5</type>
                              <value>e2e671fd62169e6f735c19e45a5ed4e0</value>
                           </checksum>
                           <time>
                              <start>1204646601465</start>
                              <stop>1204646602869</stop>
                           </time>
                        </ingest>
                     </file>
                  </files>
                  <temporalCoverage>
                     <start>1188370320000</start>
                     <stop>1188370800000</stop>
                  </temporalCoverage>
                  <createTime>1188375260000</createTime>
                  <spatialCoverage>
                     <rectangle>
                <westLongitude>-159.68499755859375</westLongitude>
                <northLatitude>43.66299819946289</northLatitude>
                <eastLongitude>0.0</eastLongitude>
                <southLatitude>0.0</southLatitude>
              </rectangle>
		  </spatialCoverage>
               </granule>
            </complete>
         </content>
      </submission>
      <notify>
         <lastName>Wong</lastName>
         <firstName>Cynthia</firstName>
         <email>Cynthia.Wong@jpl.nasa.gov</email>
         <address>4800 Oak Grove Dr. Pasadena, CA, 91109 USA</address>
         <phone>626-393-2572</phone>
         <fax>626-354-1234</fax>
         <messageLevel>SILENT</messageLevel>
      </notify>
   </product>
   <origin address="127.0.0.1" agent="clwong@sipsubmit"
      time="1204646600422" />
   <target address="127.0.0.1" agent="INVENTORY:INVENTORY"
      time="1204646600456" />
</message>
